
> react-kavia@0.1.0 start
> react-scripts start

(node:5094) [DEP_WEBPACK_DEV_SERVER_ON_AFTER_SETUP_MIDDLEWARE] DeprecationWarning: 'onAfterSetupMiddleware' option is deprecated. Please use the 'setupMiddlewares' option.
(Use `node --trace-deprecation ...` to show where the warning was created)
(node:5094) [DEP_WEBPACK_DEV_SERVER_ON_BEFORE_SETUP_MIDDLEWARE] DeprecationWarning: 'onBeforeSetupMiddleware' option is deprecated. Please use the 'setupMiddlewares' option.
Starting the development server...

Compiled successfully!

You can now view react-kavia in the browser.

  Local:            http://localhost:3000
  On Your Network:  http://172.17.0.2:3000

Note that the development build is not optimized.
To create a production build, use npm run build.

webpack compiled successfully
Compiling...
Compiled with warnings.

[eslint] 
src/utils/api.js
  Line 109:1:  Assign object to a variable before exporting as module default  import/no-anonymous-default-export

Search for the keywords to learn more about each warning.
To ignore, add // eslint-disable-next-line to the line before.

WARNING in [eslint] 
src/utils/api.js
  Line 109:1:  Assign object to a variable before exporting as module default  import/no-anonymous-default-export

webpack compiled with 1 warning
Compiling...
Compiled with warnings.

[eslint] 
src/context/SubmissionContext.js
  Line 20:11:  'user' is assigned a value but never used  no-unused-vars

src/utils/api.js
  Line 109:1:  Assign object to a variable before exporting as module default  import/no-anonymous-default-export

Search for the keywords to learn more about each warning.
To ignore, add // eslint-disable-next-line to the line before.

WARNING in [eslint] 
src/context/SubmissionContext.js
  Line 20:11:  'user' is assigned a value but never used  no-unused-vars

src/utils/api.js
  Line 109:1:  Assign object to a variable before exporting as module default  import/no-anonymous-default-export

webpack compiled with 1 warning
Compiling...
Compiled with warnings.

[eslint] 
src/components/MainContainer/MainContainer.js
  Line 1:27:   'useEffect' is defined but never used              no-unused-vars
  Line 1:50:   'lazy' is defined but never used                   no-unused-vars
  Line 17:8:   'SubmissionForm' is defined but never used         no-unused-vars
  Line 18:8:   'SubmissionList' is defined but never used         no-unused-vars
  Line 19:8:   'SubmissionDetail' is defined but never used       no-unused-vars
  Line 34:21:  'setIsLoading' is assigned a value but never used  no-unused-vars
  Line 40:47:  'getContests' is assigned a value but never used   no-unused-vars

src/components/Submissions/SubmissionForm.js
  Line 44:10:  'formSubmitted' is assigned a value but never used  no-unused-vars

src/components/Submissions/SubmissionList.js
  Line 34:20:  'setViewMode' is assigned a value but never used  no-unused-vars

src/context/SubmissionContext.js
  Line 20:11:  'user' is assigned a value but never used  no-unused-vars

src/utils/api.js
  Line 109:1:  Assign object to a variable before exporting as module default  import/no-anonymous-default-export

Search for the keywords to learn more about each warning.
To ignore, add // eslint-disable-next-line to the line before.

WARNING in [eslint] 
src/components/MainContainer/MainContainer.js
  Line 1:27:   'useEffect' is defined but never used              no-unused-vars
  Line 1:50:   'lazy' is defined but never used                   no-unused-vars
  Line 17:8:   'SubmissionForm' is defined but never used         no-unused-vars
  Line 18:8:   'SubmissionList' is defined but never used         no-unused-vars
  Line 19:8:   'SubmissionDetail' is defined but never used       no-unused-vars
  Line 34:21:  'setIsLoading' is assigned a value but never used  no-unused-vars
  Line 40:47:  'getContests' is assigned a value but never used   no-unused-vars

src/components/Submissions/SubmissionForm.js
  Line 44:10:  'formSubmitted' is assigned a value but never used  no-unused-vars

src/components/Submissions/SubmissionList.js
  Line 34:20:  'setViewMode' is assigned a value but never used  no-unused-vars

src/context/SubmissionContext.js
  Line 20:11:  'user' is assigned a value but never used  no-unused-vars

src/utils/api.js
  Line 109:1:  Assign object to a variable before exporting as module default  import/no-anonymous-default-export

webpack compiled with 1 warning
Compiling...
Compiled with warnings.

[eslint] 
src/components/MainContainer/MainContainer.js
  Line 1:27:   'useEffect' is defined but never used              no-unused-vars
  Line 1:50:   'lazy' is defined but never used                   no-unused-vars
  Line 34:21:  'setIsLoading' is assigned a value but never used  no-unused-vars
  Line 40:47:  'getContests' is assigned a value but never used   no-unused-vars

src/components/Submissions/SubmissionForm.js
  Line 44:10:  'formSubmitted' is assigned a value but never used  no-unused-vars

src/components/Submissions/SubmissionList.js
  Line 34:20:  'setViewMode' is assigned a value but never used  no-unused-vars

src/context/SubmissionContext.js
  Line 20:11:  'user' is assigned a value but never used  no-unused-vars

src/utils/api.js
  Line 109:1:  Assign object to a variable before exporting as module default  import/no-anonymous-default-export

Search for the keywords to learn more about each warning.
To ignore, add // eslint-disable-next-line to the line before.

WARNING in [eslint] 
src/components/MainContainer/MainContainer.js
  Line 1:27:   'useEffect' is defined but never used              no-unused-vars
  Line 1:50:   'lazy' is defined but never used                   no-unused-vars
  Line 34:21:  'setIsLoading' is assigned a value but never used  no-unused-vars
  Line 40:47:  'getContests' is assigned a value but never used   no-unused-vars

src/components/Submissions/SubmissionForm.js
  Line 44:10:  'formSubmitted' is assigned a value but never used  no-unused-vars

src/components/Submissions/SubmissionList.js
  Line 34:20:  'setViewMode' is assigned a value but never used  no-unused-vars

src/context/SubmissionContext.js
  Line 20:11:  'user' is assigned a value but never used  no-unused-vars

src/utils/api.js
  Line 109:1:  Assign object to a variable before exporting as module default  import/no-anonymous-default-export

webpack compiled with 1 warning
Compiling...
Compiled with warnings.

[eslint] 
src/components/MainContainer/MainContainer.js
  Line 1:27:   'useEffect' is defined but never used              no-unused-vars
  Line 1:50:   'lazy' is defined but never used                   no-unused-vars
  Line 34:21:  'setIsLoading' is assigned a value but never used  no-unused-vars
  Line 40:47:  'getContests' is assigned a value but never used   no-unused-vars

src/components/Submissions/SubmissionForm.js
  Line 44:10:  'formSubmitted' is assigned a value but never used  no-unused-vars

src/components/Submissions/SubmissionList.js
  Line 34:20:  'setViewMode' is assigned a value but never used  no-unused-vars

src/context/SubmissionContext.js
  Line 20:11:  'user' is assigned a value but never used  no-unused-vars

src/utils/api.js
  Line 109:1:  Assign object to a variable before exporting as module default  import/no-anonymous-default-export

Search for the keywords to learn more about each warning.
To ignore, add // eslint-disable-next-line to the line before.

WARNING in [eslint] 
src/components/MainContainer/MainContainer.js
  Line 1:27:   'useEffect' is defined but never used              no-unused-vars
  Line 1:50:   'lazy' is defined but never used                   no-unused-vars
  Line 34:21:  'setIsLoading' is assigned a value but never used  no-unused-vars
  Line 40:47:  'getContests' is assigned a value but never used   no-unused-vars

src/components/Submissions/SubmissionForm.js
  Line 44:10:  'formSubmitted' is assigned a value but never used  no-unused-vars

src/components/Submissions/SubmissionList.js
  Line 34:20:  'setViewMode' is assigned a value but never used  no-unused-vars

src/context/SubmissionContext.js
  Line 20:11:  'user' is assigned a value but never used  no-unused-vars

src/utils/api.js
  Line 109:1:  Assign object to a variable before exporting as module default  import/no-anonymous-default-export

webpack compiled with 1 warning
Compiling...
Compiled with warnings.

[eslint] 
src/components/MainContainer/MainContainer.js
  Line 1:27:   'useEffect' is defined but never used              no-unused-vars
  Line 1:50:   'lazy' is defined but never used                   no-unused-vars
  Line 34:21:  'setIsLoading' is assigned a value but never used  no-unused-vars
  Line 40:47:  'getContests' is assigned a value but never used   no-unused-vars

src/components/Submissions/SubmissionForm.js
  Line 44:10:  'formSubmitted' is assigned a value but never used  no-unused-vars

src/components/Submissions/SubmissionList.js
  Line 34:20:  'setViewMode' is assigned a value but never used  no-unused-vars

src/context/SubmissionContext.js
  Line 20:11:  'user' is assigned a value but never used  no-unused-vars

src/utils/api.js
  Line 109:1:  Assign object to a variable before exporting as module default  import/no-anonymous-default-export

Search for the keywords to learn more about each warning.
To ignore, add // eslint-disable-next-line to the line before.

WARNING in [eslint] 
src/components/MainContainer/MainContainer.js
  Line 1:27:   'useEffect' is defined but never used              no-unused-vars
  Line 1:50:   'lazy' is defined but never used                   no-unused-vars
  Line 34:21:  'setIsLoading' is assigned a value but never used  no-unused-vars
  Line 40:47:  'getContests' is assigned a value but never used   no-unused-vars

src/components/Submissions/SubmissionForm.js
  Line 44:10:  'formSubmitted' is assigned a value but never used  no-unused-vars

src/components/Submissions/SubmissionList.js
  Line 34:20:  'setViewMode' is assigned a value but never used  no-unused-vars

src/context/SubmissionContext.js
  Line 20:11:  'user' is assigned a value but never used  no-unused-vars

src/utils/api.js
  Line 109:1:  Assign object to a variable before exporting as module default  import/no-anonymous-default-export

webpack compiled with 1 warning
Compiling...
Compiled with warnings.

[eslint] 
src/components/MainContainer/MainContainer.js
  Line 1:27:   'useEffect' is defined but never used              no-unused-vars
  Line 1:50:   'lazy' is defined but never used                   no-unused-vars
  Line 34:21:  'setIsLoading' is assigned a value but never used  no-unused-vars
  Line 40:47:  'getContests' is assigned a value but never used   no-unused-vars

src/components/Submissions/SubmissionForm.js
  Line 44:10:  'formSubmitted' is assigned a value but never used  no-unused-vars

src/components/Submissions/SubmissionList.js
  Line 34:20:  'setViewMode' is assigned a value but never used  no-unused-vars

src/context/SubmissionContext.js
  Line 20:11:  'user' is assigned a value but never used  no-unused-vars

src/utils/api.js
  Line 109:1:  Assign object to a variable before exporting as module default  import/no-anonymous-default-export

Search for the keywords to learn more about each warning.
To ignore, add // eslint-disable-next-line to the line before.

WARNING in [eslint] 
src/components/MainContainer/MainContainer.js
  Line 1:27:   'useEffect' is defined but never used              no-unused-vars
  Line 1:50:   'lazy' is defined but never used                   no-unused-vars
  Line 34:21:  'setIsLoading' is assigned a value but never used  no-unused-vars
  Line 40:47:  'getContests' is assigned a value but never used   no-unused-vars

src/components/Submissions/SubmissionForm.js
  Line 44:10:  'formSubmitted' is assigned a value but never used  no-unused-vars

src/components/Submissions/SubmissionList.js
  Line 34:20:  'setViewMode' is assigned a value but never used  no-unused-vars

src/context/SubmissionContext.js
  Line 20:11:  'user' is assigned a value but never used  no-unused-vars

src/utils/api.js
  Line 109:1:  Assign object to a variable before exporting as module default  import/no-anonymous-default-export

webpack compiled with 1 warning
Compiling...
